\BOOKMARK [1][-]{section.1}{Introducci\363n}{}% 1
\BOOKMARK [1][-]{section.2}{Marco te\363rico}{}% 2
\BOOKMARK [2][-]{subsection.2.1}{An\341lisis multiresoluci\363n}{section.2}% 3
\BOOKMARK [2][-]{subsection.2.2}{Umbrales}{section.2}% 4
\BOOKMARK [3][-]{subsubsection.2.2.1}{VisuShrink}{subsection.2.2}% 5
\BOOKMARK [3][-]{subsubsection.2.2.2}{LevelShrink}{subsection.2.2}% 6
\BOOKMARK [3][-]{subsubsection.2.2.3}{BayesShrink}{subsection.2.2}% 7
\BOOKMARK [3][-]{subsubsection.2.2.4}{NormalShrink}{subsection.2.2}% 8
\BOOKMARK [3][-]{subsubsection.2.2.5}{AWT\(Adaptative Wavelet Treshholding\)}{subsection.2.2}% 9
\BOOKMARK [2][-]{subsection.2.3}{Estad\355sticos}{section.2}% 10
\BOOKMARK [1][-]{section.3}{Implementaci\363n}{}% 11
\BOOKMARK [1][-]{section.4}{Resultados}{}% 12
\BOOKMARK [2][-]{subsection.4.1}{Resultados obtenidos al variar la cantidad de niveles de descomposici\363n.}{section.4}% 13
\BOOKMARK [2][-]{subsection.4.2}{Resultados obtenidos para los dos tipos de umbralizaci\363n.}{section.4}% 14
\BOOKMARK [2][-]{subsection.4.3}{Resultados obtenidos para los distintos algoritmos de umbralizaci\363n.}{section.4}% 15
\BOOKMARK [2][-]{subsection.4.4}{Resultados obtenidos para cada tipo de Wavelet}{section.4}% 16
\BOOKMARK [2][-]{subsection.4.5}{Comparaci\363n con otros m\351todos}{section.4}% 17
\BOOKMARK [2][-]{subsection.4.6}{Aplicaci\363n a im\341genes reales}{section.4}% 18
\BOOKMARK [1][-]{section.5}{Conclusiones}{}% 19
\BOOKMARK [1][-]{section.6}{Anexo}{}% 20
\BOOKMARK [2][-]{subsection.6.1}{Im\341genes reales}{section.6}% 21
\BOOKMARK [1][-]{section*.33}{Referencias}{}% 22
