This is pdfTeX, Version 3.14159265-2.6-1.40.21 (MiKTeX 2.9.7300 64-bit) (preloaded format=pdflatex 2020.3.30)  9 JUL 2020 12:16
entering extended mode
**./Informe.tex
(Informe.tex
LaTeX2e <2020-02-02> patch level 2
L3 programming layer <2020-02-14>
("C:\Users\Isaia\AppData\Local\Programs\MiKTeX 2.9\tex/latex/ieeetran\IEEEtran.
cls"
Document Class: IEEEtran 2015/08/26 V1.8b by Michael Shell
-- See the "IEEEtran_HOWTO" manual for usage information.
-- http://www.michaelshell.org/tex/ieeetran/
\@IEEEtrantmpdimenA=\dimen134
\@IEEEtrantmpdimenB=\dimen135
\@IEEEtrantmpdimenC=\dimen136
\@IEEEtrantmpcountA=\count167
\@IEEEtrantmpcountB=\count168
\@IEEEtrantmpcountC=\count169
\@IEEEtrantmptoksA=\toks14
LaTeX Font Info:    Trying to load font information for OT1+ptm on input line 5
03.
LaTeX Font Info:    No file OT1ptm.fd. on input line 503.

LaTeX Font Warning: Font shape `OT1/ptm/m/n' undefined
(Font)              using `OT1/cmr/m/n' instead on input line 503.

-- Using 210mm x 297mm (a4) paper.
-- Using PDF output.
\@IEEEnormalsizeunitybaselineskip=\dimen137
-- This is a 10 point document.
\CLASSINFOnormalsizebaselineskip=\dimen138
\CLASSINFOnormalsizeunitybaselineskip=\dimen139
\IEEEnormaljot=\dimen140

LaTeX Font Warning: Font shape `OT1/ptm/bx/n' undefined
(Font)              using `OT1/ptm/m/n' instead on input line 1090.


LaTeX Font Warning: Font shape `OT1/ptm/m/it' undefined
(Font)              using `OT1/ptm/m/n' instead on input line 1090.


LaTeX Font Warning: Font shape `OT1/ptm/bx/it' undefined
(Font)              using `OT1/ptm/bx/n' instead on input line 1090.

\IEEEquantizedlength=\dimen141
\IEEEquantizedlengthdiff=\dimen142
\IEEEquantizedtextheightdiff=\dimen143
\IEEEilabelindentA=\dimen144
\IEEEilabelindentB=\dimen145
\IEEEilabelindent=\dimen146
\IEEEelabelindent=\dimen147
\IEEEdlabelindent=\dimen148
\IEEElabelindent=\dimen149
\IEEEiednormlabelsep=\dimen150
\IEEEiedmathlabelsep=\dimen151
\IEEEiedtopsep=\skip47
\c@section=\count170
\c@subsection=\count171
\c@subsubsection=\count172
\c@paragraph=\count173
\c@IEEEsubequation=\count174
\abovecaptionskip=\skip48
\belowcaptionskip=\skip49
\c@figure=\count175
\c@table=\count176
\@IEEEeqnnumcols=\count177
\@IEEEeqncolcnt=\count178
\@IEEEsubeqnnumrollback=\count179
\@IEEEquantizeheightA=\dimen152
\@IEEEquantizeheightB=\dimen153
\@IEEEquantizeheightC=\dimen154
\@IEEEquantizeprevdepth=\dimen155
\@IEEEquantizemultiple=\count180
\@IEEEquantizeboxA=\box45
\@IEEEtmpitemindent=\dimen156
\IEEEPARstartletwidth=\dimen157
\c@IEEEbiography=\count181
\@IEEEtranrubishbin=\box46
) ("C:\Users\Isaia\AppData\Local\Programs\MiKTeX 2.9\tex/latex/base\inputenc.st
y"
Package: inputenc 2018/08/11 v1.3c Input encoding file
\inpenc@prehook=\toks15
\inpenc@posthook=\toks16
 ("C:\Users\Isaia\AppData\Local\Programs\MiKTeX 2.9\tex/latex/base\latin1.def"
File: latin1.def 2018/08/11 v1.3c Input encoding file
))
("C:\Users\Isaia\AppData\Local\Programs\MiKTeX 2.9\tex/generic/babel\babel.sty"
Package: babel 2020/02/14 3.40 The Babel package
("C:\Users\Isaia\AppData\Local\Programs\MiKTeX 2.9\tex/generic/babel\switch.def
"
File: switch.def 2020/02/14 3.40 Babel switching mechanism
)
*************************************
* Local config file bblopts.cfg used
*
("C:\Users\Isaia\AppData\Local\Programs\MiKTeX 2.9\tex/latex/arabi\bblopts.cfg"
File: bblopts.cfg 2005/09/08 v0.1 add Arabic and Farsi to "declared" options of
 babel
)
("C:\Users\Isaia\AppData\Local\Programs\MiKTeX 2.9\tex/latex/babel-spanish\span
ish.ldf"
Language: spanish.ldf 2016/03/03 v5.0p Spanish support from the babel system

("C:\Users\Isaia\AppData\Local\Programs\MiKTeX 2.9\tex/generic/babel\babel.def"
File: babel.def 2020/02/14 3.40 Babel common definitions
\babel@savecnt=\count182
\U@D=\dimen158

("C:\Users\Isaia\AppData\Local\Programs\MiKTeX 2.9\tex/generic/babel\txtbabel.d
ef")
\bbl@readstream=\read2
\bbl@dirlevel=\count183
)
\es@quottoks=\toks17
\es@quotdepth=\count184
Package babel Info: Making " an active character on input line 561.
Package babel Info: Making . an active character on input line 662.
Package babel Info: Making < an active character on input line 707.
Package babel Info: Making > an active character on input line 707.
))
("C:\Users\Isaia\AppData\Local\Programs\MiKTeX 2.9\tex/latex/amsfonts\amssymb.s
ty"
Package: amssymb 2013/01/14 v3.01 AMS font symbols

("C:\Users\Isaia\AppData\Local\Programs\MiKTeX 2.9\tex/latex/amsfonts\amsfonts.
sty"
Package: amsfonts 2013/01/14 v3.01 Basic AMSFonts support
\@emptytoks=\toks18
\symAMSa=\mathgroup4
\symAMSb=\mathgroup5
LaTeX Font Info:    Redeclaring math symbol \hbar on input line 98.
LaTeX Font Info:    Overwriting math alphabet `\mathfrak' in version `bold'
(Font)                  U/euf/m/n --> U/euf/b/n on input line 106.
))
("C:\Users\Isaia\AppData\Local\Programs\MiKTeX 2.9\tex/latex/graphics\graphicx.
sty"
Package: graphicx 2019/11/30 v1.2a Enhanced LaTeX Graphics (DPC,SPQR)

("C:\Users\Isaia\AppData\Local\Programs\MiKTeX 2.9\tex/latex/graphics\keyval.st
y"
Package: keyval 2014/10/28 v1.15 key=value parser (DPC)
\KV@toks@=\toks19
)
("C:\Users\Isaia\AppData\Local\Programs\MiKTeX 2.9\tex/latex/graphics\graphics.
sty"
Package: graphics 2019/11/30 v1.4a Standard LaTeX Graphics (DPC,SPQR)

("C:\Users\Isaia\AppData\Local\Programs\MiKTeX 2.9\tex/latex/graphics\trig.sty"
Package: trig 2016/01/03 v1.10 sin cos tan (DPC)
)
("C:\Users\Isaia\AppData\Local\Programs\MiKTeX 2.9\tex/latex/graphics-cfg\graph
ics.cfg"
File: graphics.cfg 2016/06/04 v1.11 sample graphics configuration
)
Package graphics Info: Driver file: pdftex.def on input line 105.

("C:\Users\Isaia\AppData\Local\Programs\MiKTeX 2.9\tex/latex/graphics-def\pdfte
x.def"
File: pdftex.def 2018/01/08 v1.0l Graphics/color driver for pdftex
))
\Gin@req@height=\dimen159
\Gin@req@width=\dimen160
)
("C:\Users\Isaia\AppData\Local\Programs\MiKTeX 2.9\tex/latex/float\float.sty"
Package: float 2001/11/08 v1.3d Float enhancements (AL)
\c@float@type=\count185
\float@exts=\toks20
\float@box=\box47
\@float@everytoks=\toks21
\@floatcapt=\box48
)
("C:\Users\Isaia\AppData\Local\Programs\MiKTeX 2.9\tex/latex/hyperref\hyperref.
sty"
Package: hyperref 2020/01/14 v7.00d Hypertext links for LaTeX

("C:\Users\Isaia\AppData\Local\Programs\MiKTeX 2.9\tex/generic/ltxcmds\ltxcmds.
sty"
Package: ltxcmds 2019/12/15 v1.24 LaTeX kernel commands for general use (HO)
)
("C:\Users\Isaia\AppData\Local\Programs\MiKTeX 2.9\tex/generic/iftex\iftex.sty"
Package: iftex 2019/11/07 v1.0c TeX engine tests
)
("C:\Users\Isaia\AppData\Local\Programs\MiKTeX 2.9\tex/latex/pdftexcmds\pdftexc
mds.sty"
Package: pdftexcmds 2019/11/24 v0.31 Utility functions of pdfTeX for LuaTeX (HO
)

("C:\Users\Isaia\AppData\Local\Programs\MiKTeX 2.9\tex/generic/infwarerr\infwar
err.sty"
Package: infwarerr 2019/12/03 v1.5 Providing info/warning/error messages (HO)
)
Package pdftexcmds Info: \pdf@primitive is available.
Package pdftexcmds Info: \pdf@ifprimitive is available.
Package pdftexcmds Info: \pdfdraftmode found.
)
("C:\Users\Isaia\AppData\Local\Programs\MiKTeX 2.9\tex/generic/kvsetkeys\kvsetk
eys.sty"
Package: kvsetkeys 2019/12/15 v1.18 Key value parser (HO)
)
("C:\Users\Isaia\AppData\Local\Programs\MiKTeX 2.9\tex/generic/kvdefinekeys\kvd
efinekeys.sty"
Package: kvdefinekeys 2019-12-19 v1.6 Define keys (HO)
)
("C:\Users\Isaia\AppData\Local\Programs\MiKTeX 2.9\tex/generic/pdfescape\pdfesc
ape.sty"
Package: pdfescape 2019/12/09 v1.15 Implements pdfTeX's escape features (HO)
)
("C:\Users\Isaia\AppData\Local\Programs\MiKTeX 2.9\tex/latex/hycolor\hycolor.st
y"
Package: hycolor 2020-01-27 v1.10 Color options for hyperref/bookmark (HO)
)
("C:\Users\Isaia\AppData\Local\Programs\MiKTeX 2.9\tex/latex/letltxmacro\letltx
macro.sty"
Package: letltxmacro 2019/12/03 v1.6 Let assignment for LaTeX macros (HO)
)
("C:\Users\Isaia\AppData\Local\Programs\MiKTeX 2.9\tex/latex/auxhook\auxhook.st
y"
Package: auxhook 2019-12-17 v1.6 Hooks for auxiliary files (HO)
)
("C:\Users\Isaia\AppData\Local\Programs\MiKTeX 2.9\tex/latex/kvoptions\kvoption
s.sty"
Package: kvoptions 2019/11/29 v3.13 Key value format for package options (HO)
)
\@linkdim=\dimen161
\Hy@linkcounter=\count186
\Hy@pagecounter=\count187

("C:\Users\Isaia\AppData\Local\Programs\MiKTeX 2.9\tex/latex/hyperref\pd1enc.de
f"
File: pd1enc.def 2020/01/14 v7.00d Hyperref: PDFDocEncoding definition (HO)
Now handling font encoding PD1 ...
... no UTF-8 mapping file for font encoding PD1
)
("C:\Users\Isaia\AppData\Local\Programs\MiKTeX 2.9\tex/generic/intcalc\intcalc.
sty"
Package: intcalc 2019/12/15 v1.3 Expandable calculations with integers (HO)
)
("C:\Users\Isaia\AppData\Local\Programs\MiKTeX 2.9\tex/generic/etexcmds\etexcmd
s.sty"
Package: etexcmds 2019/12/15 v1.7 Avoid name clashes with e-TeX commands (HO)
)
\Hy@SavedSpaceFactor=\count188
Package hyperref Info: Hyper figures OFF on input line 4547.
Package hyperref Info: Link nesting OFF on input line 4552.
Package hyperref Info: Hyper index ON on input line 4555.
Package hyperref Info: Plain pages OFF on input line 4562.
Package hyperref Info: Backreferencing OFF on input line 4567.
Package hyperref Info: Implicit mode ON; LaTeX internals redefined.
Package hyperref Info: Bookmarks ON on input line 4800.
\c@Hy@tempcnt=\count189
 ("C:\Users\Isaia\AppData\Local\Programs\MiKTeX 2.9\tex/latex/url\url.sty"
\Urlmuskip=\muskip16
Package: url 2013/09/16  ver 3.4  Verb mode for urls, etc.
)
LaTeX Info: Redefining \url on input line 5159.
\XeTeXLinkMargin=\dimen162

("C:\Users\Isaia\AppData\Local\Programs\MiKTeX 2.9\tex/generic/bitset\bitset.st
y"
Package: bitset 2019/12/09 v1.3 Handle bit-vector datatype (HO)

("C:\Users\Isaia\AppData\Local\Programs\MiKTeX 2.9\tex/generic/bigintcalc\bigin
tcalc.sty"
Package: bigintcalc 2019/12/15 v1.5 Expandable calculations on big integers (HO
)
))
\Fld@menulength=\count190
\Field@Width=\dimen163
\Fld@charsize=\dimen164
Package hyperref Info: Hyper figures OFF on input line 6430.
Package hyperref Info: Link nesting OFF on input line 6435.
Package hyperref Info: Hyper index ON on input line 6438.
Package hyperref Info: backreferencing OFF on input line 6445.
Package hyperref Info: Link coloring OFF on input line 6450.
Package hyperref Info: Link coloring with OCG OFF on input line 6455.
Package hyperref Info: PDF/A mode OFF on input line 6460.
LaTeX Info: Redefining \ref on input line 6500.
LaTeX Info: Redefining \pageref on input line 6504.

("C:\Users\Isaia\AppData\Local\Programs\MiKTeX 2.9\tex/generic/atbegshi\atbegsh
i.sty"
Package: atbegshi 2019/12/05 v1.19 At begin shipout hook (HO)
)
\Hy@abspage=\count191
\c@Item=\count192
\c@Hfootnote=\count193
)
Package hyperref Info: Driver (autodetected): hpdftex.

("C:\Users\Isaia\AppData\Local\Programs\MiKTeX 2.9\tex/latex/hyperref\hpdftex.d
ef"
File: hpdftex.def 2020/01/14 v7.00d Hyperref driver for pdfTeX

("C:\Users\Isaia\AppData\Local\Programs\MiKTeX 2.9\tex/latex/atveryend\atveryen
d.sty"
Package: atveryend 2019-12-11 v1.11 Hooks at the very end of document (HO)
Package atveryend Info: \enddocument detected (standard20110627).
)
\Fld@listcount=\count194
\c@bookmark@seq@number=\count195

("C:\Users\Isaia\AppData\Local\Programs\MiKTeX 2.9\tex/latex/rerunfilecheck\rer
unfilecheck.sty"
Package: rerunfilecheck 2019/12/05 v1.9 Rerun checks for auxiliary files (HO)

("C:\Users\Isaia\AppData\Local\Programs\MiKTeX 2.9\tex/generic/uniquecounter\un
iquecounter.sty"
Package: uniquecounter 2019/12/15 v1.4 Provide unlimited unique counter (HO)
)
Package uniquecounter Info: New unique counter `rerunfilecheck' on input line 2
86.
)
\Hy@SectionHShift=\skip50
)
("C:\Users\Isaia\AppData\Local\Programs\MiKTeX 2.9\tex/latex/caption\subcaption
.sty"
Package: subcaption 2020/01/22 v1.3d Sub-captions (AR)

("C:\Users\Isaia\AppData\Local\Programs\MiKTeX 2.9\tex/latex/caption\caption.st
y"
Package: caption 2020/01/03 v3.4h Customizing captions (AR)

("C:\Users\Isaia\AppData\Local\Programs\MiKTeX 2.9\tex/latex/caption\caption3.s
ty"
Package: caption3 2020/01/03 v1.8h caption3 kernel (AR)
Package caption3 Info: TeX engine: e-TeX on input line 61.
\captionmargin=\dimen165
\captionmargin@=\dimen166
\captionwidth=\dimen167
\caption@tempdima=\dimen168
\caption@indent=\dimen169
\caption@parindent=\dimen170
\caption@hangindent=\dimen171
Package caption Info: Unknown document class (or package),
(caption)             standard defaults will be used.
Package caption Info: \@makecaption = \long macro:#1#2->\ifx \@captype \@IEEEta
blestring \footnotesize \bgroup \par \centering \@IEEEtabletopskipstrut {\norma
lfont \footnotesize #1}\\{\normalfont \footnotesize \scshape #2}\par \addvspace
 {0.5\baselineskip }\egroup \@IEEEtablecaptionsepspace \else \@IEEEfigurecaptio
nsepspace \setbox \@tempboxa \hbox {\normalfont \footnotesize {#1.}\nobreakspac
e \nobreakspace #2}\ifdim \wd \@tempboxa >\hsize \setbox \@tempboxa \hbox {\nor
malfont \footnotesize {#1.}\nobreakspace \nobreakspace }\parbox [t]{\hsize }{\n
ormalfont \footnotesize \noindent \unhbox \@tempboxa #2}\else \ifCLASSOPTIONcon
ference \hbox to\hsize {\normalfont \footnotesize \hfil \box \@tempboxa \hfil }
\else \hbox to\hsize {\normalfont \footnotesize \box \@tempboxa \hfil }\fi \fi 
\fi  on input line 1082.
)

Package caption Warning: Unknown document class (or package),
(caption)                standard defaults will be used.
See the caption package documentation for explanation.

\c@caption@flags=\count196
\c@continuedfloat=\count197
Package caption Info: float package is loaded.
Package caption Info: hyperref package is loaded.
)
\c@subfigure=\count198
\c@subtable=\count199
)
("C:\Users\Isaia\AppData\Local\Programs\MiKTeX 2.9\tex/latex/amsmath\amsmath.st
y"
Package: amsmath 2020/01/20 v2.17e AMS math features
\@mathmargin=\skip51

For additional information on amsmath, use the `?' option.

("C:\Users\Isaia\AppData\Local\Programs\MiKTeX 2.9\tex/latex/amsmath\amstext.st
y"
Package: amstext 2000/06/29 v2.01 AMS text

("C:\Users\Isaia\AppData\Local\Programs\MiKTeX 2.9\tex/latex/amsmath\amsgen.sty
"
File: amsgen.sty 1999/11/30 v2.0 generic functions
\@emptytoks=\toks22
\ex@=\dimen172
))
("C:\Users\Isaia\AppData\Local\Programs\MiKTeX 2.9\tex/latex/amsmath\amsbsy.sty
"
Package: amsbsy 1999/11/29 v1.2d Bold Symbols
\pmbraise@=\dimen173
)
("C:\Users\Isaia\AppData\Local\Programs\MiKTeX 2.9\tex/latex/amsmath\amsopn.sty
"
Package: amsopn 2016/03/08 v2.02 operator names
)
\inf@bad=\count266
LaTeX Info: Redefining \frac on input line 227.
\uproot@=\count267
\leftroot@=\count268
LaTeX Info: Redefining \overline on input line 389.
\classnum@=\count269
\DOTSCASE@=\count270
LaTeX Info: Redefining \ldots on input line 486.
LaTeX Info: Redefining \dots on input line 489.
LaTeX Info: Redefining \cdots on input line 610.
\Mathstrutbox@=\box49
\strutbox@=\box50
\big@size=\dimen174
LaTeX Font Info:    Redeclaring font encoding OML on input line 733.
LaTeX Font Info:    Redeclaring font encoding OMS on input line 734.
\macc@depth=\count271
\c@MaxMatrixCols=\count272
\dotsspace@=\muskip17
\c@parentequation=\count273
\dspbrk@lvl=\count274
\tag@help=\toks23
\row@=\count275
\column@=\count276
\maxfields@=\count277
\andhelp@=\toks24
\eqnshift@=\dimen175
\alignsep@=\dimen176
\tagshift@=\dimen177
\tagwidth@=\dimen178
\totwidth@=\dimen179
\lineht@=\dimen180
\@envbody=\toks25
\multlinegap=\skip52
\multlinetaggap=\skip53
\mathdisplay@stack=\toks26
LaTeX Info: Redefining \[ on input line 2859.
LaTeX Info: Redefining \] on input line 2860.
)
("C:\Users\Isaia\AppData\Local\Programs\MiKTeX 2.9\tex/latex/graphics\color.sty
"
Package: color 2019/11/23 v1.2a Standard LaTeX Color (DPC)

("C:\Users\Isaia\AppData\Local\Programs\MiKTeX 2.9\tex/latex/graphics-cfg\color
.cfg"
File: color.cfg 2016/01/02 v1.6 sample color configuration
)
Package color Info: Driver file: pdftex.def on input line 147.
)
("C:\Users\Isaia\AppData\Local\Programs\MiKTeX 2.9\tex/latex/booktabs\booktabs.
sty"
Package: booktabs 2020/01/12 v1.61803398 Publication quality tables
\heavyrulewidth=\dimen181
\lightrulewidth=\dimen182
\cmidrulewidth=\dimen183
\belowrulesep=\dimen184
\belowbottomsep=\dimen185
\aboverulesep=\dimen186
\abovetopsep=\dimen187
\cmidrulesep=\dimen188
\cmidrulekern=\dimen189
\defaultaddspace=\dimen190
\@cmidla=\count278
\@cmidlb=\count279
\@aboverulesep=\dimen191
\@belowrulesep=\dimen192
\@thisruleclass=\count280
\@lastruleclass=\count281
\@thisrulewidth=\dimen193
) ("C:\Users\Isaia\AppData\Local\Programs\MiKTeX 2.9\tex/latex/mwe\mwe.sty"
Package: mwe 2018/03/30 v0.5 Package to support minimal working examples (MWE)

("C:\Users\Isaia\AppData\Local\Programs\MiKTeX 2.9\tex/latex/blindtext\blindtex
t.sty"
Package: blindtext 2012/01/06 V2.0 blindtext-Package

("C:\Users\Isaia\AppData\Local\Programs\MiKTeX 2.9\tex/latex/tools\xspace.sty"
Package: xspace 2014/10/28 v1.13 Space after command names (DPC,MH)
)
\c@blindtext=\count282
\c@Blindtext=\count283
\c@blind@countparstart=\count284
\blind@countxx=\count285
\blindtext@numBlindtext=\count286
\blind@countyy=\count287
\c@blindlist=\count288
\c@blindlistlevel=\count289
\c@blindlist@level=\count290
\blind@listitem=\count291
\c@blind@listcount=\count292
\c@blind@levelcount=\count293
\blind@mathformula=\count294
\blind@Mathformula=\count295
\c@blind@randomcount=\count296
\c@blind@randommax=\count297
\c@blind@pangramcount=\count298
\c@blind@pangrammax=\count299
))
("C:\Users\Isaia\AppData\Local\Programs\MiKTeX 2.9\tex/latex/l3backend\l3backen
d-pdfmode.def"
File: l3backend-pdfmode.def 2020-02-03 L3 backend support: PDF mode
\l__kernel_color_stack_int=\count300
\l__pdf_internal_box=\box51
) (Informe.aux
LaTeX Info: Redefining \. on input line 25.
LaTeX Info: Redefining \% on input line 25.


LaTeX Warning: Label `ajk' multiply defined.


LaTeX Warning: Label `Lenna' multiply defined.


LaTeX Warning: Label `sub@Lenna' multiply defined.


LaTeX Warning: Label `House' multiply defined.


LaTeX Warning: Label `sub@House' multiply defined.


LaTeX Warning: Label `Wave' multiply defined.


LaTeX Warning: Label `sub@Wave' multiply defined.


LaTeX Warning: Label `Lenna' multiply defined.


LaTeX Warning: Label `sub@Lenna' multiply defined.


LaTeX Warning: Label `House' multiply defined.


LaTeX Warning: Label `sub@House' multiply defined.


LaTeX Warning: Label `Wave' multiply defined.


LaTeX Warning: Label `sub@Wave' multiply defined.


LaTeX Warning: Label `Wave' multiply defined.


LaTeX Warning: Label `sub@Wave' multiply defined.


LaTeX Warning: Label `Lenna' multiply defined.


LaTeX Warning: Label `sub@Lenna' multiply defined.


LaTeX Warning: Label `House' multiply defined.


LaTeX Warning: Label `sub@House' multiply defined.


LaTeX Warning: Label `Lenna' multiply defined.


LaTeX Warning: Label `sub@Lenna' multiply defined.


LaTeX Warning: Label `House' multiply defined.


LaTeX Warning: Label `sub@House' multiply defined.


LaTeX Warning: Label `House' multiply defined.


LaTeX Warning: Label `sub@House' multiply defined.


LaTeX Warning: Label `fig-imagenes-filtradas-modes' multiply defined.


LaTeX Warning: Label `Lenna' multiply defined.


LaTeX Warning: Label `sub@Lenna' multiply defined.


LaTeX Warning: Label `House' multiply defined.


LaTeX Warning: Label `sub@House' multiply defined.


LaTeX Warning: Label `Wave' multiply defined.


LaTeX Warning: Label `sub@Wave' multiply defined.


LaTeX Warning: Label `Wave' multiply defined.


LaTeX Warning: Label `sub@Wave' multiply defined.


LaTeX Warning: Label `Wave' multiply defined.


LaTeX Warning: Label `sub@Wave' multiply defined.


LaTeX Warning: Label `' multiply defined.


LaTeX Warning: Label `sub@' multiply defined.


LaTeX Warning: Label `' multiply defined.


LaTeX Warning: Label `sub@' multiply defined.


LaTeX Warning: Label `' multiply defined.


LaTeX Warning: Label `sub@' multiply defined.

)
\openout1 = `Informe.aux'.

LaTeX Font Info:    Checking defaults for OML/cmm/m/it on input line 23.
LaTeX Font Info:    ... okay on input line 23.
LaTeX Font Info:    Checking defaults for OMS/cmsy/m/n on input line 23.
LaTeX Font Info:    ... okay on input line 23.
LaTeX Font Info:    Checking defaults for OT1/cmr/m/n on input line 23.
LaTeX Font Info:    ... okay on input line 23.
LaTeX Font Info:    Checking defaults for T1/cmr/m/n on input line 23.
LaTeX Font Info:    ... okay on input line 23.
LaTeX Font Info:    Checking defaults for TS1/cmr/m/n on input line 23.
LaTeX Font Info:    ... okay on input line 23.
LaTeX Font Info:    Checking defaults for OMX/cmex/m/n on input line 23.
LaTeX Font Info:    ... okay on input line 23.
LaTeX Font Info:    Checking defaults for U/cmr/m/n on input line 23.
LaTeX Font Info:    ... okay on input line 23.
LaTeX Font Info:    Checking defaults for PD1/pdf/m/n on input line 23.
LaTeX Font Info:    ... okay on input line 23.


LaTeX Font Warning: Font shape `OT1/ptm/b/n' undefined
(Font)              using `OT1/ptm/bx/n' instead on input line 23.


LaTeX Font Warning: Font shape `OT1/ptm/b/it' undefined
(Font)              using `OT1/ptm/bx/it' instead on input line 23.


LaTeX Font Warning: Font shape `OT1/ptm/b/n' undefined
(Font)              using `OT1/ptm/bx/n' instead on input line 23.


LaTeX Font Warning: Font shape `OT1/ptm/b/it' undefined
(Font)              using `OT1/ptm/bx/it' instead on input line 23.


LaTeX Font Warning: Font shape `OT1/ptm/b/n' undefined
(Font)              using `OT1/ptm/bx/n' instead on input line 23.


LaTeX Font Warning: Font shape `OT1/ptm/b/it' undefined
(Font)              using `OT1/ptm/bx/it' instead on input line 23.


LaTeX Font Warning: Font shape `OT1/ptm/b/n' undefined
(Font)              using `OT1/ptm/bx/n' instead on input line 23.


LaTeX Font Warning: Font shape `OT1/ptm/b/it' undefined
(Font)              using `OT1/ptm/bx/it' instead on input line 23.


LaTeX Font Warning: Font shape `OT1/ptm/b/n' undefined
(Font)              using `OT1/ptm/bx/n' instead on input line 23.


LaTeX Font Warning: Font shape `OT1/ptm/b/it' undefined
(Font)              using `OT1/ptm/bx/it' instead on input line 23.


LaTeX Font Warning: Font shape `OT1/ptm/b/n' undefined
(Font)              using `OT1/ptm/bx/n' instead on input line 23.


LaTeX Font Warning: Font shape `OT1/ptm/b/it' undefined
(Font)              using `OT1/ptm/bx/it' instead on input line 23.


LaTeX Font Warning: Font shape `OT1/ptm/b/n' undefined
(Font)              using `OT1/ptm/bx/n' instead on input line 23.


LaTeX Font Warning: Font shape `OT1/ptm/b/it' undefined
(Font)              using `OT1/ptm/bx/it' instead on input line 23.


LaTeX Font Warning: Font shape `OT1/ptm/b/n' undefined
(Font)              using `OT1/ptm/bx/n' instead on input line 23.


LaTeX Font Warning: Font shape `OT1/ptm/b/it' undefined
(Font)              using `OT1/ptm/bx/it' instead on input line 23.


LaTeX Font Warning: Font shape `OT1/ptm/b/n' undefined
(Font)              using `OT1/ptm/bx/n' instead on input line 23.


LaTeX Font Warning: Font shape `OT1/ptm/b/it' undefined
(Font)              using `OT1/ptm/bx/it' instead on input line 23.


LaTeX Font Warning: Font shape `OT1/ptm/b/n' undefined
(Font)              using `OT1/ptm/bx/n' instead on input line 23.


LaTeX Font Warning: Font shape `OT1/ptm/b/it' undefined
(Font)              using `OT1/ptm/bx/it' instead on input line 23.

-- Lines per column: 58 (exact).
LaTeX Info: Redefining \. on input line 23.
LaTeX Info: Redefining \% on input line 23.

("C:\Users\Isaia\AppData\Local\Programs\MiKTeX 2.9\tex/context/base/mkii\supp-p
df.mkii"
[Loading MPS to PDF converter (version 2006.09.02).]
\scratchcounter=\count301
\scratchdimen=\dimen194
\scratchbox=\box52
\nofMPsegments=\count302
\nofMParguments=\count303
\everyMPshowfont=\toks27
\MPscratchCnt=\count304
\MPscratchDim=\dimen195
\MPnumerator=\count305
\makeMPintoPDFobject=\count306
\everyMPtoPDFconversion=\toks28
)
("C:\Users\Isaia\AppData\Local\Programs\MiKTeX 2.9\tex/latex/epstopdf-pkg\epsto
pdf-base.sty"
Package: epstopdf-base 2020-01-24 v2.11 Base part for package epstopdf
Package epstopdf-base Info: Redefining graphics rule for `.eps' on input line 4
85.
)
\AtBeginShipoutBox=\box53
Package hyperref Info: Link coloring OFF on input line 23.

("C:\Users\Isaia\AppData\Local\Programs\MiKTeX 2.9\tex/latex/hyperref\nameref.s
ty"
Package: nameref 2019/09/16 v2.46 Cross-referencing by name of section

("C:\Users\Isaia\AppData\Local\Programs\MiKTeX 2.9\tex/latex/refcount\refcount.
sty"
Package: refcount 2019/12/15 v3.6 Data extraction from label references (HO)
)
("C:\Users\Isaia\AppData\Local\Programs\MiKTeX 2.9\tex/generic/gettitlestring\g
ettitlestring.sty"
Package: gettitlestring 2019/12/15 v1.6 Cleanup title references (HO)
)
\c@section@level=\count307
)
LaTeX Info: Redefining \ref on input line 23.
LaTeX Info: Redefining \pageref on input line 23.
LaTeX Info: Redefining \nameref on input line 23.
 (Informe.out) (Informe.out)
\@outlinefile=\write3
\openout3 = `Informe.out'.

Package caption Info: Begin \AtBeginDocument code.
Package caption Info: End \AtBeginDocument code.


LaTeX Font Warning: Font shape `OT1/ptm/b/n' undefined
(Font)              using `OT1/ptm/bx/n' instead on input line 26.


LaTeX Font Warning: Font shape `OT1/ptm/m/sc' undefined
(Font)              using `OT1/ptm/m/n' instead on input line 31.


LaTeX Font Warning: Font shape `OT1/ptm/b/n' undefined
(Font)              using `OT1/ptm/bx/n' instead on input line 34.

LaTeX Font Info:    Trying to load font information for U+msa on input line 47.

("C:\Users\Isaia\AppData\Local\Programs\MiKTeX 2.9\tex/latex/amsfonts\umsa.fd"
File: umsa.fd 2013/01/14 v3.01 AMS symbols A
)
LaTeX Font Info:    Trying to load font information for U+msb on input line 47.

("C:\Users\Isaia\AppData\Local\Programs\MiKTeX 2.9\tex/latex/amsfonts\umsb.fd"
File: umsb.fd 2013/01/14 v3.01 AMS symbols B
)
<Fig/a_b.png, id=90, 639.89063pt x 283.0575pt>
File: Fig/a_b.png Graphic file (type png)
<use Fig/a_b.png>
Package pdftex.def Info: Fig/a_b.png  used on input line 63.
(pdftex.def)             Requested size: 258.0pt x 114.12799pt.

Overfull \hbox (6.0pt too wide) in paragraph at lines 63--64
 [][] 
 []

<Fig/t_f.png, id=92, 433.62pt x 489.32813pt>
File: Fig/t_f.png Graphic file (type png)
<use Fig/t_f.png>
Package pdftex.def Info: Fig/t_f.png  used on input line 69.
(pdftex.def)             Requested size: 258.0pt x 291.15758pt.

Overfull \hbox (6.0pt too wide) in paragraph at lines 69--70
 [][] 
 []


Underfull \vbox (badness 5771) has occurred while \output is active []

 [1{C:/Users/Isaia/AppData/Local/MiKTeX/2.9/pdftex/config/pdftex.map}


]
<Fig/Wavelets.jpeg, id=114, 530.98375pt x 511.9125pt>
File: Fig/Wavelets.jpeg Graphic file (type jpg)
<use Fig/Wavelets.jpeg>
Package pdftex.def Info: Fig/Wavelets.jpeg  used on input line 79.
(pdftex.def)             Requested size: 258.0pt x 248.73813pt.

Overfull \hbox (6.0pt too wide) in paragraph at lines 79--80
 [][] 
 []


LaTeX Font Warning: Font shape `OT1/ptm/b/n' undefined
(Font)              using `OT1/ptm/bx/n' instead on input line 92.


LaTeX Font Warning: Font shape `OT1/ptm/b/it' undefined
(Font)              using `OT1/ptm/bx/it' instead on input line 94.


LaTeX Font Warning: Font shape `OT1/ptm/b/n' undefined
(Font)              using `OT1/ptm/bx/n' instead on input line 116.


LaTeX Font Warning: Font shape `OT1/ptm/b/n' undefined
(Font)              using `OT1/ptm/bx/n' instead on input line 116.

[2 <./Fig/a_b.png> <./Fig/t_f.png> <./Fig/Wavelets.jpeg>]

LaTeX Font Warning: Font shape `OT1/ptm/b/n' undefined
(Font)              using `OT1/ptm/bx/n' instead on input line 184.


LaTeX Font Warning: Font shape `OT1/ptm/b/n' undefined
(Font)              using `OT1/ptm/bx/n' instead on input line 184.

<Fig/Tree.png, id=134, 544.28343pt x 517.935pt>
File: Fig/Tree.png Graphic file (type png)
<use Fig/Tree.png>
Package pdftex.def Info: Fig/Tree.png  used on input line 188.
(pdftex.def)             Requested size: 258.0pt x 245.50797pt.

Overfull \hbox (6.0pt too wide) in paragraph at lines 188--189
 [][] 
 []


LaTeX Font Warning: Font shape `OT1/ptm/b/n' undefined
(Font)              using `OT1/ptm/bx/n' instead on input line 193.

[3 <./Fig/Tree.png>]
<Fig/bancofiltros1D.png, id=161, 428.19975pt x 145.14224pt>
File: Fig/bancofiltros1D.png Graphic file (type png)
<use Fig/bancofiltros1D.png>
Package pdftex.def Info: Fig/bancofiltros1D.png  used on input line 293.
(pdftex.def)             Requested size: 258.0pt x 87.45364pt.

Overfull \hbox (6.0pt too wide) in paragraph at lines 293--294
 [][] 
 []

<Fig/bancofiltros.png, id=163, 252.34274pt x 173.448pt>
File: Fig/bancofiltros.png Graphic file (type png)
<use Fig/bancofiltros.png>
Package pdftex.def Info: Fig/bancofiltros.png  used on input line 324.
(pdftex.def)             Requested size: 258.0pt x 177.3566pt.

Overfull \hbox (6.0pt too wide) in paragraph at lines 324--325
 [][] 
 []

<Fig/bancofiltrosR.png, id=165, 239.6955pt x 174.6525pt>
File: Fig/bancofiltrosR.png Graphic file (type png)
<use Fig/bancofiltrosR.png>
Package pdftex.def Info: Fig/bancofiltrosR.png  used on input line 341.
(pdftex.def)             Requested size: 258.0pt x 187.9956pt.

Overfull \hbox (6.0pt too wide) in paragraph at lines 341--342
 [][] 
 []

[4 <./Fig/bancofiltros1D.png> <./Fig/bancofiltros.png>]

LaTeX Font Warning: Font shape `OT1/ptm/b/it' undefined
(Font)              using `OT1/ptm/bx/it' instead on input line 348.


LaTeX Font Warning: Font shape `OT1/ptm/b/n' undefined
(Font)              using `OT1/ptm/bx/n' instead on input line 349.


LaTeX Font Warning: Font shape `OT1/ptm/b/n' undefined
(Font)              using `OT1/ptm/bx/n' instead on input line 350.


LaTeX Font Warning: Font shape `OT1/ptm/b/n' undefined
(Font)              using `OT1/ptm/bx/n' instead on input line 350.


LaTeX Font Warning: Font shape `OT1/ptm/b/n' undefined
(Font)              using `OT1/ptm/bx/n' instead on input line 351.


LaTeX Font Warning: Font shape `OT1/ptm/b/n' undefined
(Font)              using `OT1/ptm/bx/n' instead on input line 351.


Underfull \hbox (badness 7486) in paragraph at lines 349--356
[]\OT1/ptm/m/sc/10 Como se men-ciono an-te-rior-men-te, es ne-ce-sa-rio
 []


Underfull \hbox (badness 10000) in paragraph at lines 349--356

 []

<Fig/Umbral.png, id=190, 714.41907pt x 249.18094pt>
File: Fig/Umbral.png Graphic file (type png)
<use Fig/Umbral.png>
Package pdftex.def Info: Fig/Umbral.png  used on input line 359.
(pdftex.def)             Requested size: 258.0pt x 89.98642pt.

Overfull \hbox (6.0pt too wide) in paragraph at lines 359--360
 [][] 
 []


Underfull \hbox (badness 10000) in paragraph at lines 374--375

 []


LaTeX Font Warning: Font shape `OT1/ptm/b/it' undefined
(Font)              using `OT1/ptm/bx/it' instead on input line 378.


Underfull \hbox (badness 10000) in paragraph at lines 393--394

 []


LaTeX Font Warning: Font shape `OT1/ptm/b/it' undefined
(Font)              using `OT1/ptm/bx/it' instead on input line 396.

[5 <./Fig/bancofiltrosR.png> <./Fig/Umbral.png>]
Underfull \hbox (badness 10000) in paragraph at lines 403--404

 []


LaTeX Font Warning: Font shape `OT1/ptm/b/it' undefined
(Font)              using `OT1/ptm/bx/it' instead on input line 406.


Underfull \hbox (badness 10000) in paragraph at lines 423--424

 []


LaTeX Font Warning: Font shape `OT1/ptm/b/it' undefined
(Font)              using `OT1/ptm/bx/it' instead on input line 426.


Underfull \hbox (badness 10000) in paragraph at lines 436--437

 []


LaTeX Font Warning: Font shape `OT1/ptm/b/it' undefined
(Font)              using `OT1/ptm/bx/it' instead on input line 439.

LaTeX Font Info:    Trying to load font information for TS1+ptm on input line 4
72.
LaTeX Font Info:    No file TS1ptm.fd. on input line 472.

LaTeX Font Warning: Font shape `TS1/ptm/m/n' undefined
(Font)              using `TS1/cmr/m/n' instead
(Font)              for symbol `textbullet' on input line 472.

<Fig/Lenna.jpg, id=211, 513.92pt x 513.92pt>
File: Fig/Lenna.jpg Graphic file (type jpg)
<use Fig/Lenna.jpg>
Package pdftex.def Info: Fig/Lenna.jpg  used on input line 495.
(pdftex.def)             Requested size: 206.39685pt x 206.39558pt.
<Fig/House.jpg, id=212, 513.92pt x 513.92pt>
File: Fig/House.jpg Graphic file (type jpg)
<use Fig/House.jpg>
Package pdftex.def Info: Fig/House.jpg  used on input line 503.
(pdftex.def)             Requested size: 206.39685pt x 206.39558pt.
<Fig/Wave.jpg, id=213, 513.92pt x 513.92pt>
File: Fig/Wave.jpg Graphic file (type jpg)
<use Fig/Wave.jpg>
Package pdftex.def Info: Fig/Wave.jpg  used on input line 511.
(pdftex.def)             Requested size: 206.39685pt x 206.39558pt.

LaTeX Warning: Float too large for page by 4.18678pt on input line 520.

<Fig/6_normal_soft_sym8_Lenna.jpg, id=215, 513.92pt x 513.92pt>
File: Fig/6_normal_soft_sym8_Lenna.jpg Graphic file (type jpg)
<use Fig/6_normal_soft_sym8_Lenna.jpg>
Package pdftex.def Info: Fig/6_normal_soft_sym8_Lenna.jpg  used on input line 5
36.
(pdftex.def)             Requested size: 206.39685pt x 206.39558pt.
<Fig/6_normal_soft_sym8_House.jpg, id=216, 513.92pt x 513.92pt>
File: Fig/6_normal_soft_sym8_House.jpg Graphic file (type jpg)
<use Fig/6_normal_soft_sym8_House.jpg>
Package pdftex.def Info: Fig/6_normal_soft_sym8_House.jpg  used on input line 5
44.
(pdftex.def)             Requested size: 206.39685pt x 206.39558pt.
<Fig/6_normal_soft_sym8_Wave.jpg, id=217, 513.92pt x 513.92pt>
File: Fig/6_normal_soft_sym8_Wave.jpg Graphic file (type jpg)
<use Fig/6_normal_soft_sym8_Wave.jpg>
Package pdftex.def Info: Fig/6_normal_soft_sym8_Wave.jpg  used on input line 55
2.
(pdftex.def)             Requested size: 206.39685pt x 206.39558pt.

LaTeX Warning: Float too large for page by 4.18678pt on input line 561.

[6] [7 <./Fig/Lenna.jpg> <./Fig/House.jpg> <./Fig/Wave.jpg> <./Fig/6_normal_sof
t_sym8_Lenna.jpg> <./Fig/6_normal_soft_sym8_House.jpg> <./Fig/6_normal_soft_sym
8_Wave.jpg>]
LaTeX Font Info:    Trying to load font information for OMS+ptm on input line 5
78.
LaTeX Font Info:    No file OMSptm.fd. on input line 578.


LaTeX Font Warning: Font shape `OMS/ptm/m/n' undefined
(Font)              using `OMS/cmsy/m/n' instead
(Font)              for symbol `textbackslash' on input line 578.


LaTeX Font Warning: Font shape `OT1/ptm/b/n' undefined
(Font)              using `OT1/ptm/bx/n' instead on input line 580.


LaTeX Font Warning: Font shape `OT1/ptm/b/n' undefined
(Font)              using `OT1/ptm/bx/n' instead on input line 581.


LaTeX Font Warning: Font shape `OT1/ptm/b/n' undefined
(Font)              using `OT1/ptm/bx/n' instead on input line 582.


LaTeX Font Warning: Font shape `OT1/ptm/b/n' undefined
(Font)              using `OT1/ptm/bx/n' instead on input line 595.


LaTeX Font Warning: Font shape `OT1/ptm/b/n' undefined
(Font)              using `OT1/ptm/bx/n' instead on input line 596.


LaTeX Font Warning: Font shape `OT1/ptm/b/n' undefined
(Font)              using `OT1/ptm/bx/n' instead on input line 597.

<Fig/Levels/1_normal_soft_sym8_Lenna.jpg, id=239, 513.92pt x 513.92pt>
File: Fig/Levels/1_normal_soft_sym8_Lenna.jpg Graphic file (type jpg)
<use Fig/Levels/1_normal_soft_sym8_Lenna.jpg>
Package pdftex.def Info: Fig/Levels/1_normal_soft_sym8_Lenna.jpg  used on input
 line 608.
(pdftex.def)             Requested size: 113.52063pt x 113.51756pt.
<Fig/Levels/2_normal_soft_sym8_Lenna.jpg, id=240, 513.92pt x 513.92pt>
File: Fig/Levels/2_normal_soft_sym8_Lenna.jpg Graphic file (type jpg)
<use Fig/Levels/2_normal_soft_sym8_Lenna.jpg>
Package pdftex.def Info: Fig/Levels/2_normal_soft_sym8_Lenna.jpg  used on input
 line 616.
(pdftex.def)             Requested size: 113.52063pt x 113.51756pt.
<Fig/Levels/4_normal_soft_sym8_Lenna.jpg, id=241, 513.92pt x 513.92pt>
File: Fig/Levels/4_normal_soft_sym8_Lenna.jpg Graphic file (type jpg)
<use Fig/Levels/4_normal_soft_sym8_Lenna.jpg>
Package pdftex.def Info: Fig/Levels/4_normal_soft_sym8_Lenna.jpg  used on input
 line 624.
(pdftex.def)             Requested size: 113.52063pt x 113.51756pt.
<Fig/Levels/6_normal_soft_sym8_Lenna.jpg, id=242, 513.92pt x 513.92pt>
File: Fig/Levels/6_normal_soft_sym8_Lenna.jpg Graphic file (type jpg)
<use Fig/Levels/6_normal_soft_sym8_Lenna.jpg>
Package pdftex.def Info: Fig/Levels/6_normal_soft_sym8_Lenna.jpg  used on input
 line 631.
(pdftex.def)             Requested size: 113.52063pt x 113.51756pt.

LaTeX Font Warning: Font shape `OT1/ptm/b/n' undefined
(Font)              using `OT1/ptm/bx/n' instead on input line 652.


LaTeX Font Warning: Font shape `OT1/ptm/b/n' undefined
(Font)              using `OT1/ptm/bx/n' instead on input line 653.


LaTeX Font Warning: Font shape `OT1/ptm/b/n' undefined
(Font)              using `OT1/ptm/bx/n' instead on input line 654.


LaTeX Font Warning: Font shape `OT1/ptm/b/n' undefined
(Font)              using `OT1/ptm/bx/n' instead on input line 666.


LaTeX Font Warning: Font shape `OT1/ptm/b/n' undefined
(Font)              using `OT1/ptm/bx/n' instead on input line 667.


LaTeX Font Warning: Font shape `OT1/ptm/b/n' undefined
(Font)              using `OT1/ptm/bx/n' instead on input line 668.

<Fig/Modes/2_normal_soft_sym8_House.jpg, id=243, 513.92pt x 513.92pt>
File: Fig/Modes/2_normal_soft_sym8_House.jpg Graphic file (type jpg)
<use Fig/Modes/2_normal_soft_sym8_House.jpg>
Package pdftex.def Info: Fig/Modes/2_normal_soft_sym8_House.jpg  used on input 
line 678.
(pdftex.def)             Requested size: 123.84283pt x 123.83734pt.
<Fig/Modes/2_normal_hard_sym8_House.jpg, id=244, 513.92pt x 513.92pt>
File: Fig/Modes/2_normal_hard_sym8_House.jpg Graphic file (type jpg)
<use Fig/Modes/2_normal_hard_sym8_House.jpg>
Package pdftex.def Info: Fig/Modes/2_normal_hard_sym8_House.jpg  used on input 
line 686.
(pdftex.def)             Requested size: 123.84283pt x 123.83734pt.

LaTeX Font Warning: Font shape `OT1/ptm/b/n' undefined
(Font)              using `OT1/ptm/bx/n' instead on input line 707.


LaTeX Font Warning: Font shape `OT1/ptm/b/n' undefined
(Font)              using `OT1/ptm/bx/n' instead on input line 708.


LaTeX Font Warning: Font shape `OT1/ptm/b/n' undefined
(Font)              using `OT1/ptm/bx/n' instead on input line 709.


Overfull \hbox (8.78038pt too wide) in paragraph at lines 703--713
 [][] 
 []


LaTeX Font Warning: Font shape `OT1/ptm/b/n' undefined
(Font)              using `OT1/ptm/bx/n' instead on input line 721.


LaTeX Font Warning: Font shape `OT1/ptm/b/n' undefined
(Font)              using `OT1/ptm/bx/n' instead on input line 722.


LaTeX Font Warning: Font shape `OT1/ptm/b/n' undefined
(Font)              using `OT1/ptm/bx/n' instead on input line 723.


Overfull \hbox (8.78038pt too wide) in paragraph at lines 717--727
 [][] 
 []

<Fig/Wav/2_normal_soft_haar_Wave.jpg, id=246, 513.92pt x 513.92pt>
File: Fig/Wav/2_normal_soft_haar_Wave.jpg Graphic file (type jpg)
<use Fig/Wav/2_normal_soft_haar_Wave.jpg>
Package pdftex.def Info: Fig/Wav/2_normal_soft_haar_Wave.jpg  used on input lin
e 733.
(pdftex.def)             Requested size: 103.19843pt x 103.19778pt.
<Fig/Wav/2_normal_soft_db4_Wave.jpg, id=247, 513.92pt x 513.92pt>
File: Fig/Wav/2_normal_soft_db4_Wave.jpg Graphic file (type jpg)
<use Fig/Wav/2_normal_soft_db4_Wave.jpg>
Package pdftex.def Info: Fig/Wav/2_normal_soft_db4_Wave.jpg  used on input line
 741.
(pdftex.def)             Requested size: 103.19843pt x 103.19778pt.
<Fig/Wav/2_normal_soft_sym8_Wave.jpg, id=248, 513.92pt x 513.92pt>
File: Fig/Wav/2_normal_soft_sym8_Wave.jpg Graphic file (type jpg)
<use Fig/Wav/2_normal_soft_sym8_Wave.jpg>
Package pdftex.def Info: Fig/Wav/2_normal_soft_sym8_Wave.jpg  used on input lin
e 748.
(pdftex.def)             Requested size: 103.19843pt x 103.19778pt.
<Fig/Thr/2_universal_soft_sym8_Lenna.jpg, id=249, 513.92pt x 513.92pt>
File: Fig/Thr/2_universal_soft_sym8_Lenna.jpg Graphic file (type jpg)
<use Fig/Thr/2_universal_soft_sym8_Lenna.jpg>
Package pdftex.def Info: Fig/Thr/2_universal_soft_sym8_Lenna.jpg  used on input
 line 762.
(pdftex.def)             Requested size: 113.52063pt x 113.51756pt.
<Fig/Thr/2_bayes_soft_sym8_Lenna.jpg, id=250, 513.92pt x 513.92pt>
File: Fig/Thr/2_bayes_soft_sym8_Lenna.jpg Graphic file (type jpg)
<use Fig/Thr/2_bayes_soft_sym8_Lenna.jpg>
Package pdftex.def Info: Fig/Thr/2_bayes_soft_sym8_Lenna.jpg  used on input lin
e 770.
(pdftex.def)             Requested size: 113.52063pt x 113.51756pt.
<Fig/Thr/2_level_soft_sym8_Lenna.jpg, id=251, 513.92pt x 513.92pt>
File: Fig/Thr/2_level_soft_sym8_Lenna.jpg Graphic file (type jpg)
<use Fig/Thr/2_level_soft_sym8_Lenna.jpg>
Package pdftex.def Info: Fig/Thr/2_level_soft_sym8_Lenna.jpg  used on input lin
e 778.
(pdftex.def)             Requested size: 113.52063pt x 113.51756pt.
<Fig/Thr/2_normal_soft_sym8_Lenna.jpg, id=252, 513.92pt x 513.92pt>
File: Fig/Thr/2_normal_soft_sym8_Lenna.jpg Graphic file (type jpg)
<use Fig/Thr/2_normal_soft_sym8_Lenna.jpg>
Package pdftex.def Info: Fig/Thr/2_normal_soft_sym8_Lenna.jpg  used on input li
ne 785.
(pdftex.def)             Requested size: 113.52063pt x 113.51756pt.
<Fig/Thr/2_awt_soft_sym8_Lenna.jpg, id=253, 513.92pt x 513.92pt>
File: Fig/Thr/2_awt_soft_sym8_Lenna.jpg Graphic file (type jpg)
<use Fig/Thr/2_awt_soft_sym8_Lenna.jpg>
Package pdftex.def Info: Fig/Thr/2_awt_soft_sym8_Lenna.jpg  used on input line 
792.
(pdftex.def)             Requested size: 113.52063pt x 113.51756pt.

Underfull \vbox (badness 10000) has occurred while \output is active []

 [8 <./Fig/Levels/1_normal_soft_sym8_Lenna.jpg> <./Fig/Levels/2_normal_soft_sym
8_Lenna.jpg> <./Fig/Levels/4_normal_soft_sym8_Lenna.jpg> <./Fig/Levels/6_normal
_soft_sym8_Lenna.jpg> <./Fig/Modes/2_normal_soft_sym8_House.jpg> <./Fig/Modes/2
_normal_hard_sym8_House.jpg>]

LaTeX Font Warning: Font shape `OT1/ptm/b/n' undefined
(Font)              using `OT1/ptm/bx/n' instead on input line 809.


LaTeX Font Warning: Font shape `OT1/ptm/b/n' undefined
(Font)              using `OT1/ptm/bx/n' instead on input line 810.


LaTeX Font Warning: Font shape `OT1/ptm/b/n' undefined
(Font)              using `OT1/ptm/bx/n' instead on input line 811.


LaTeX Font Warning: Font shape `OT1/ptm/b/n' undefined
(Font)              using `OT1/ptm/bx/n' instead on input line 824.


LaTeX Font Warning: Font shape `OT1/ptm/b/n' undefined
(Font)              using `OT1/ptm/bx/n' instead on input line 825.


LaTeX Font Warning: Font shape `OT1/ptm/b/n' undefined
(Font)              using `OT1/ptm/bx/n' instead on input line 826.

<Fig/comparacion/wavelet_House.jpg, id=268, 513.92pt x 513.92pt>
File: Fig/comparacion/wavelet_House.jpg Graphic file (type jpg)
<use Fig/comparacion/wavelet_House.jpg>
Package pdftex.def Info: Fig/comparacion/wavelet_House.jpg  used on input line 
843.
(pdftex.def)             Requested size: 180.60315pt x 180.60397pt.
<Fig/comparacion/wiener_House.jpg, id=269, 513.92pt x 513.92pt>
File: Fig/comparacion/wiener_House.jpg Graphic file (type jpg)
<use Fig/comparacion/wiener_House.jpg>
Package pdftex.def Info: Fig/comparacion/wiener_House.jpg  used on input line 8
51.
(pdftex.def)             Requested size: 180.60315pt x 180.60397pt.
<Fig/comparacion/gaussian_House.jpg, id=270, 513.92pt x 513.92pt>
File: Fig/comparacion/gaussian_House.jpg Graphic file (type jpg)
<use Fig/comparacion/gaussian_House.jpg>
Package pdftex.def Info: Fig/comparacion/gaussian_House.jpg  used on input line
 858.
(pdftex.def)             Requested size: 180.60315pt x 180.60397pt.

LaTeX Warning: No positions in optional float specifier.
               Default added (so using `tbp') on input line 869.


LaTeX Font Warning: Font shape `OT1/ptm/b/n' undefined
(Font)              using `OT1/ptm/bx/n' instead on input line 875.


LaTeX Font Warning: Font shape `OT1/ptm/b/n' undefined
(Font)              using `OT1/ptm/bx/n' instead on input line 876.


LaTeX Font Warning: Font shape `OT1/ptm/b/n' undefined
(Font)              using `OT1/ptm/bx/n' instead on input line 877.


Underfull \vbox (badness 1810) has occurred while \output is active []


Overfull \vbox (372.16478pt too high) has occurred while \output is active []


[9 <./Fig/Wav/2_normal_soft_haar_Wave.jpg> <./Fig/Wav/2_normal_soft_db4_Wave.jp
g> <./Fig/Wav/2_normal_soft_sym8_Wave.jpg> <./Fig/Thr/2_universal_soft_sym8_Len
na.jpg> <./Fig/Thr/2_bayes_soft_sym8_Lenna.jpg> <./Fig/Thr/2_level_soft_sym8_Le
nna.jpg> <./Fig/Thr/2_normal_soft_sym8_Lenna.jpg> <./Fig/Thr/2_awt_soft_sym8_Le
nna.jpg> <./Fig/comparacion/wavelet_House.jpg> <./Fig/comparacion/wiener_House.
jpg> <./Fig/comparacion/gaussian_House.jpg>]

LaTeX Warning: No positions in optional float specifier.
               Default added (so using `tbp') on input line 883.


LaTeX Font Warning: Font shape `OT1/ptm/b/n' undefined
(Font)              using `OT1/ptm/bx/n' instead on input line 889.


LaTeX Font Warning: Font shape `OT1/ptm/b/n' undefined
(Font)              using `OT1/ptm/bx/n' instead on input line 890.


LaTeX Font Warning: Font shape `OT1/ptm/b/n' undefined
(Font)              using `OT1/ptm/bx/n' instead on input line 891.

<Fig/real/0.jpg, id=284, 513.92pt x 513.92pt>
File: Fig/real/0.jpg Graphic file (type jpg)
<use Fig/real/0.jpg>
Package pdftex.def Info: Fig/real/0.jpg  used on input line 907.
(pdftex.def)             Requested size: 190.91748pt x 190.91591pt.
<Fig/real/0-f.jpg, id=285, 513.92pt x 513.92pt>
File: Fig/real/0-f.jpg Graphic file (type jpg)
<use Fig/real/0-f.jpg>
Package pdftex.def Info: Fig/real/0-f.jpg  used on input line 915.
(pdftex.def)             Requested size: 190.91748pt x 190.91591pt.

Underfull \vbox (badness 10000) has occurred while \output is active []

<Fig/real/1.jpg, id=286, 513.92pt x 513.92pt>
File: Fig/real/1.jpg Graphic file (type jpg)
<use Fig/real/1.jpg>
Package pdftex.def Info: Fig/real/1.jpg  used on input line 930.
(pdftex.def)             Requested size: 190.91748pt x 190.91591pt.
<Fig/real/1-f.jpg, id=287, 513.92pt x 513.92pt>
File: Fig/real/1-f.jpg Graphic file (type jpg)
<use Fig/real/1-f.jpg>
Package pdftex.def Info: Fig/real/1-f.jpg  used on input line 938.
(pdftex.def)             Requested size: 190.91748pt x 190.91591pt.

Underfull \vbox (badness 10000) has occurred while \output is active []

 [10 <./Fig/real/0.jpg> <./Fig/real/0-f.jpg>] [11 <./Fig/real/1.jpg> <./Fig/rea
l/1-f.jpg>]
<Fig/Lennalimpia.jpeg, id=305, 712.6625pt x 714.67pt>
File: Fig/Lennalimpia.jpeg Graphic file (type jpg)
<use Fig/Lennalimpia.jpeg>
Package pdftex.def Info: Fig/Lennalimpia.jpeg  used on input line 976.
(pdftex.def)             Requested size: 154.80157pt x 155.23227pt.
<Fig/houselimpia.jpeg, id=306, 714.67pt x 715.67375pt>
File: Fig/houselimpia.jpeg Graphic file (type jpg)
<use Fig/houselimpia.jpeg>
Package pdftex.def Info: Fig/houselimpia.jpeg  used on input line 984.
(pdftex.def)             Requested size: 154.80157pt x 155.01347pt.
<Fig/wavelimpia.jpeg, id=307, 713.66624pt x 716.6775pt>
File: Fig/wavelimpia.jpeg Graphic file (type jpg)
<use Fig/wavelimpia.jpeg>
Package pdftex.def Info: Fig/wavelimpia.jpeg  used on input line 992.
(pdftex.def)             Requested size: 154.80157pt x 155.44962pt.

Underfull \hbox (badness 10000) in paragraph at lines 1012--1013
[]\OT1/cmr/m/n/8 Algortimos pa-ra re-duc-cion de rui-do en se~nales -
 []

Package atveryend Info: Empty hook `BeforeClearDocument' on input line 1027.
[12 <./Fig/Lennalimpia.jpeg> <./Fig/houselimpia.jpeg> <./Fig/wavelimpia.jpeg>]
Package atveryend Info: Empty hook `AfterLastShipout' on input line 1027.

(Informe.aux
LaTeX Info: Redefining \. on input line 25.
LaTeX Info: Redefining \% on input line 25.
)
Package atveryend Info: Executing hook `AtVeryEndDocument' on input line 1027.
Package atveryend Info: Executing hook `AtEndAfterFileList' on input line 1027.

Package rerunfilecheck Info: File `Informe.out' has not changed.
(rerunfilecheck)             Checksum: 1C0968CB8CC870C2263867CF1ACED7D7;1509.


LaTeX Font Warning: Some font shapes were not available, defaults substituted.


LaTeX Warning: There were multiply-defined labels.

Package atveryend Info: Empty hook `AtVeryVeryEnd' on input line 1027.
 ) 
Here is how much of TeX's memory you used:
 10139 strings out of 481556
 164393 string characters out of 2913869
 452080 words of memory out of 3000000
 25057 multiletter control sequences out of 15000+200000
 539266 words of font info for 51 fonts, out of 3000000 for 9000
 1141 hyphenation exceptions out of 8191
 48i,9n,46p,967b,475s stack positions out of 5000i,500n,10000p,200000b,50000s
<C:/Users/Isaia/AppData/Local/Programs/MiKTeX 2.9/fonts/type1/public/amsfonts
/cm/cmex10.pfb><C:/Users/Isaia/AppData/Local/Programs/MiKTeX 2.9/fonts/type1/pu
blic/amsfonts/cm/cmmi10.pfb><C:/Users/Isaia/AppData/Local/Programs/MiKTeX 2.9/f
onts/type1/public/amsfonts/cm/cmmi5.pfb><C:/Users/Isaia/AppData/Local/Programs/
MiKTeX 2.9/fonts/type1/public/amsfonts/cm/cmmi7.pfb><C:/Users/Isaia/AppData/Loc
al/Programs/MiKTeX 2.9/fonts/type1/public/amsfonts/cm/cmr10.pfb><C:/Users/Isaia
/AppData/Local/Programs/MiKTeX 2.9/fonts/type1/public/amsfonts/cm/cmr17.pfb><C:
/Users/Isaia/AppData/Local/Programs/MiKTeX 2.9/fonts/type1/public/amsfonts/cm/c
mr7.pfb><C:/Users/Isaia/AppData/Local/Programs/MiKTeX 2.9/fonts/type1/public/am
sfonts/cm/cmr8.pfb><C:/Users/Isaia/AppData/Local/Programs/MiKTeX 2.9/fonts/type
1/public/amsfonts/cm/cmr9.pfb><C:/Users/Isaia/AppData/Local/Programs/MiKTeX 2.9
/fonts/type1/public/amsfonts/cm/cmsy10.pfb><C:/Users/Isaia/AppData/Local/Progra
ms/MiKTeX 2.9/fonts/type1/public/amsfonts/cm/cmsy7.pfb><C:/Users/Isaia/AppData/
Local/Programs/MiKTeX 2.9/fonts/type1/public/amsfonts/cm/cmsy8.pfb><C:/Users/Is
aia/AppData/Local/Programs/MiKTeX 2.9/fonts/type1/public/amsfonts/symbols/msbm1
0.pfb><C:/Users/Isaia/AppData/Local/Programs/MiKTeX 2.9/fonts/type1/public/amsf
onts/symbols/msbm7.pfb>
Output written on Informe.pdf (12 pages, 3650044 bytes).
PDF statistics:
 384 PDF objects out of 1000 (max. 8388607)
 110 named destinations out of 1000 (max. 500000)
 359 words of extra memory for PDF output out of 10000 (max. 10000000)

